<?xml version="1.0" encoding="UTF-8"?>
<!-- Generated by org.testng.reporters.JUnitReportReporter -->
<testsuite hostname="LAPTOP-LKBFN52F" failures="0" tests="1" name="testCases.TC001_AccountRegistrationTest" time="4.004" errors="0" timestamp="2024-10-17T12:11:12 IST" skipped="0">
  <testcase classname="testCases.TC001_AccountRegistrationTest" name="verify_account_registration" time="4.004"/>
</testsuite> <!-- testCases.TC001_AccountRegistrationTest -->
