<?xml version="1.0" encoding="UTF-8"?>
<!-- Generated by org.testng.reporters.JUnitReportReporter -->
<testsuite hostname="LAPTOP-LKBFN52F" failures="0" tests="5" name="testCases.TC003_LoginDDT" time="42.229" errors="0" timestamp="2024-10-15T20:55:23 IST" skipped="0">
  <testcase classname="testCases.TC003_LoginDDT" name="verify_loginDDT" time="13.285"/>
  <testcase classname="testCases.TC003_LoginDDT" name="verify_loginDDT" time="2.716"/>
  <testcase classname="testCases.TC003_LoginDDT" name="verify_loginDDT" time="11.636"/>
  <testcase classname="testCases.TC003_LoginDDT" name="verify_loginDDT" time="11.909"/>
  <testcase classname="testCases.TC003_LoginDDT" name="verify_loginDDT" time="2.683"/>
</testsuite> <!-- testCases.TC003_LoginDDT -->
