<?xml version="1.0" encoding="UTF-8"?>
<!-- Generated by org.testng.reporters.JUnitReportReporter -->
<testsuite hostname="LAPTOP-LKBFN52F" failures="0" tests="1" name="testCases.TC002_LoginTest" time="2.063" errors="0" timestamp="2024-10-17T12:11:12 IST" skipped="0">
  <testcase classname="testCases.TC002_LoginTest" name="verify_login" time="2.063"/>
</testsuite> <!-- testCases.TC002_LoginTest -->
